<?xml version="1.0" encoding="UTF-8"?>
<!-- Generated by org.testng.reporters.JUnitReportReporter -->
<testsuite hostname="Buis-MacBook-Pro.local" failures="0" tests="1" name="test.Day2" time="0.014" errors="0" timestamp="2019-09-05T11:20:51 GMT-07:00" skipped="0">
  <testcase classname="test.Day2" name="Tc2" time="0.014"/>
</testsuite> <!-- test.Day2 -->
